  [1m[35m (15.2ms)[0m  [1m[35mCREATE TABLE "schema_migrations" ("version" character varying NOT NULL PRIMARY KEY)[0m
  [1m[35m (4.1ms)[0m  [1m[35mCREATE TABLE "ar_internal_metadata" ("key" character varying NOT NULL PRIMARY KEY, "value" character varying, "created_at" timestamp(6) NOT NULL, "updated_at" timestamp(6) NOT NULL)[0m
  [1m[35m (0.2ms)[0m  [1m[34mSELECT pg_try_advisory_lock(7427160944457580725)[0m
  [1m[36mActiveRecord::SchemaMigration Pluck (0.5ms)[0m  [1m[34mSELECT "schema_migrations"."version" FROM "schema_migrations" ORDER BY "schema_migrations"."version" ASC[0m
Migrating to CreateProducts (20240827005246)
  [1m[36mTRANSACTION (0.2ms)[0m  [1m[35mBEGIN[0m
  [1m[35m (6.1ms)[0m  [1m[35mCREATE TABLE "products" ("id" bigserial primary key, "name" character varying, "created_at" timestamp(6) NOT NULL, "updated_at" timestamp(6) NOT NULL)[0m
  [1m[36mActiveRecord::SchemaMigration Create (2.7ms)[0m  [1m[32mINSERT INTO "schema_migrations" ("version") VALUES ($1) RETURNING "version"[0m  [["version", "20240827005246"]]
  [1m[36mTRANSACTION (0.3ms)[0m  [1m[35mCOMMIT[0m
  [1m[36mActiveRecord::InternalMetadata Load (0.3ms)[0m  [1m[34mSELECT "ar_internal_metadata".* FROM "ar_internal_metadata" WHERE "ar_internal_metadata"."key" = $1 LIMIT $2[0m  [["key", "environment"], ["LIMIT", 1]]
  [1m[36mTRANSACTION (0.2ms)[0m  [1m[35mBEGIN[0m
  [1m[36mActiveRecord::InternalMetadata Create (2.3ms)[0m  [1m[32mINSERT INTO "ar_internal_metadata" ("key", "value", "created_at", "updated_at") VALUES ($1, $2, $3, $4) RETURNING "key"[0m  [["key", "environment"], ["value", "development"], ["created_at", "2024-08-27 00:58:21.723305"], ["updated_at", "2024-08-27 00:58:21.723305"]]
  [1m[36mTRANSACTION (0.3ms)[0m  [1m[35mCOMMIT[0m
  [1m[35m (0.2ms)[0m  [1m[34mSELECT pg_advisory_unlock(7427160944457580725)[0m
  [1m[36mActiveRecord::SchemaMigration Pluck (1.7ms)[0m  [1m[34mSELECT "schema_migrations"."version" FROM "schema_migrations" ORDER BY "schema_migrations"."version" ASC[0m
  [1m[36mTRANSACTION (0.2ms)[0m  [1m[35mBEGIN[0m
  [1m[36mProduct Create (27.3ms)[0m  [1m[32mINSERT INTO "products" ("name", "created_at", "updated_at") VALUES ($1, $2, $3) RETURNING "id"[0m  [["name", "Arroz"], ["created_at", "2024-09-05 21:31:02.336250"], ["updated_at", "2024-09-05 21:31:02.336250"]]
  [1m[36mTRANSACTION (3.6ms)[0m  [1m[35mCOMMIT[0m
  [1m[36mTRANSACTION (5.5ms)[0m  [1m[35mBEGIN[0m
  [1m[36mProduct Create (0.3ms)[0m  [1m[32mINSERT INTO "products" ("name", "created_at", "updated_at") VALUES ($1, $2, $3) RETURNING "id"[0m  [["name", "Feijão"], ["created_at", "2024-09-05 21:31:35.607929"], ["updated_at", "2024-09-05 21:31:35.607929"]]
  [1m[36mTRANSACTION (0.3ms)[0m  [1m[35mCOMMIT[0m
  [1m[36mProduct Load (0.8ms)[0m  [1m[34mSELECT "products".* FROM "products"[0m
  [1m[36mActiveRecord::SchemaMigration Pluck (5.6ms)[0m  [1m[34mSELECT "schema_migrations"."version" FROM "schema_migrations" ORDER BY "schema_migrations"."version" ASC[0m
  [1m[36mActiveRecord::SchemaMigration Pluck (0.7ms)[0m  [1m[34mSELECT "schema_migrations"."version" FROM "schema_migrations" ORDER BY "schema_migrations"."version" ASC[0m
  [1m[36mTRANSACTION (0.2ms)[0m  [1m[35mBEGIN[0m
  [1m[36mProduct Exists? (17.2ms)[0m  [1m[34mSELECT 1 AS one FROM "products" WHERE "products"."name" = $1 LIMIT $2[0m  [["name", "Produto 1"], ["LIMIT", 1]]
  [1m[36mProduct Create (2.1ms)[0m  [1m[32mINSERT INTO "products" ("name", "created_at", "updated_at") VALUES ($1, $2, $3) RETURNING "id"[0m  [["name", "Produto 1"], ["created_at", "2024-09-05 21:50:34.106177"], ["updated_at", "2024-09-05 21:50:34.106177"]]
  [1m[36mTRANSACTION (0.8ms)[0m  [1m[35mCOMMIT[0m
  [1m[36mTRANSACTION (0.1ms)[0m  [1m[35mBEGIN[0m
  [1m[36mProduct Exists? (0.2ms)[0m  [1m[34mSELECT 1 AS one FROM "products" WHERE "products"."name" = $1 LIMIT $2[0m  [["name", "Produto 2"], ["LIMIT", 1]]
  [1m[36mProduct Create (0.3ms)[0m  [1m[32mINSERT INTO "products" ("name", "created_at", "updated_at") VALUES ($1, $2, $3) RETURNING "id"[0m  [["name", "Produto 2"], ["created_at", "2024-09-05 21:50:34.113114"], ["updated_at", "2024-09-05 21:50:34.113114"]]
  [1m[36mTRANSACTION (0.3ms)[0m  [1m[35mCOMMIT[0m
  [1m[36mTRANSACTION (0.1ms)[0m  [1m[35mBEGIN[0m
  [1m[36mProduct Exists? (0.2ms)[0m  [1m[34mSELECT 1 AS one FROM "products" WHERE "products"."name" = $1 LIMIT $2[0m  [["name", "Produto 3"], ["LIMIT", 1]]
  [1m[36mProduct Create (1.2ms)[0m  [1m[32mINSERT INTO "products" ("name", "created_at", "updated_at") VALUES ($1, $2, $3) RETURNING "id"[0m  [["name", "Produto 3"], ["created_at", "2024-09-05 21:50:34.117659"], ["updated_at", "2024-09-05 21:50:34.117659"]]
  [1m[36mTRANSACTION (0.3ms)[0m  [1m[35mCOMMIT[0m
  [1m[36mTRANSACTION (0.2ms)[0m  [1m[35mBEGIN[0m
  [1m[36mProduct Exists? (0.2ms)[0m  [1m[34mSELECT 1 AS one FROM "products" WHERE "products"."name" = $1 LIMIT $2[0m  [["name", "Produto 4"], ["LIMIT", 1]]
  [1m[36mProduct Create (0.3ms)[0m  [1m[32mINSERT INTO "products" ("name", "created_at", "updated_at") VALUES ($1, $2, $3) RETURNING "id"[0m  [["name", "Produto 4"], ["created_at", "2024-09-05 21:50:34.124003"], ["updated_at", "2024-09-05 21:50:34.124003"]]
  [1m[36mTRANSACTION (0.3ms)[0m  [1m[35mCOMMIT[0m
  [1m[36mTRANSACTION (0.1ms)[0m  [1m[35mBEGIN[0m
  [1m[36mProduct Exists? (0.2ms)[0m  [1m[34mSELECT 1 AS one FROM "products" WHERE "products"."name" = $1 LIMIT $2[0m  [["name", "Produto 5"], ["LIMIT", 1]]
  [1m[36mProduct Create (0.2ms)[0m  [1m[32mINSERT INTO "products" ("name", "created_at", "updated_at") VALUES ($1, $2, $3) RETURNING "id"[0m  [["name", "Produto 5"], ["created_at", "2024-09-05 21:50:34.128798"], ["updated_at", "2024-09-05 21:50:34.128798"]]
  [1m[36mTRANSACTION (0.3ms)[0m  [1m[35mCOMMIT[0m
  [1m[36mTRANSACTION (0.1ms)[0m  [1m[35mBEGIN[0m
  [1m[36mProduct Exists? (0.2ms)[0m  [1m[34mSELECT 1 AS one FROM "products" WHERE "products"."name" = $1 LIMIT $2[0m  [["name", "Produto 6"], ["LIMIT", 1]]
  [1m[36mProduct Create (0.2ms)[0m  [1m[32mINSERT INTO "products" ("name", "created_at", "updated_at") VALUES ($1, $2, $3) RETURNING "id"[0m  [["name", "Produto 6"], ["created_at", "2024-09-05 21:50:34.134616"], ["updated_at", "2024-09-05 21:50:34.134616"]]
  [1m[36mTRANSACTION (0.6ms)[0m  [1m[35mCOMMIT[0m
  [1m[36mTRANSACTION (0.1ms)[0m  [1m[35mBEGIN[0m
  [1m[36mProduct Exists? (0.2ms)[0m  [1m[34mSELECT 1 AS one FROM "products" WHERE "products"."name" = $1 LIMIT $2[0m  [["name", "Produto 7"], ["LIMIT", 1]]
  [1m[36mProduct Create (3.9ms)[0m  [1m[32mINSERT INTO "products" ("name", "created_at", "updated_at") VALUES ($1, $2, $3) RETURNING "id"[0m  [["name", "Produto 7"], ["created_at", "2024-09-05 21:50:34.162987"], ["updated_at", "2024-09-05 21:50:34.162987"]]
  [1m[36mTRANSACTION (0.3ms)[0m  [1m[35mCOMMIT[0m
  [1m[36mTRANSACTION (0.2ms)[0m  [1m[35mBEGIN[0m
  [1m[36mProduct Exists? (0.2ms)[0m  [1m[34mSELECT 1 AS one FROM "products" WHERE "products"."name" = $1 LIMIT $2[0m  [["name", "Produto 8"], ["LIMIT", 1]]
  [1m[36mProduct Create (0.2ms)[0m  [1m[32mINSERT INTO "products" ("name", "created_at", "updated_at") VALUES ($1, $2, $3) RETURNING "id"[0m  [["name", "Produto 8"], ["created_at", "2024-09-05 21:50:34.171081"], ["updated_at", "2024-09-05 21:50:34.171081"]]
  [1m[36mTRANSACTION (0.3ms)[0m  [1m[35mCOMMIT[0m
  [1m[36mTRANSACTION (0.1ms)[0m  [1m[35mBEGIN[0m
  [1m[36mProduct Exists? (0.2ms)[0m  [1m[34mSELECT 1 AS one FROM "products" WHERE "products"."name" = $1 LIMIT $2[0m  [["name", "Produto 9"], ["LIMIT", 1]]
  [1m[36mProduct Create (0.3ms)[0m  [1m[32mINSERT INTO "products" ("name", "created_at", "updated_at") VALUES ($1, $2, $3) RETURNING "id"[0m  [["name", "Produto 9"], ["created_at", "2024-09-05 21:50:34.175094"], ["updated_at", "2024-09-05 21:50:34.175094"]]
  [1m[36mTRANSACTION (1.2ms)[0m  [1m[35mCOMMIT[0m
  [1m[36mTRANSACTION (0.1ms)[0m  [1m[35mBEGIN[0m
  [1m[36mProduct Exists? (0.2ms)[0m  [1m[34mSELECT 1 AS one FROM "products" WHERE "products"."name" = $1 LIMIT $2[0m  [["name", "Produto 10"], ["LIMIT", 1]]
  [1m[36mProduct Create (0.2ms)[0m  [1m[32mINSERT INTO "products" ("name", "created_at", "updated_at") VALUES ($1, $2, $3) RETURNING "id"[0m  [["name", "Produto 10"], ["created_at", "2024-09-05 21:50:34.179754"], ["updated_at", "2024-09-05 21:50:34.179754"]]
  [1m[36mTRANSACTION (0.3ms)[0m  [1m[35mCOMMIT[0m
  [1m[36mProduct Load (0.7ms)[0m  [1m[34mSELECT "products".* FROM "products"[0m
